   1              	 .syntax unified
   2              	 .cpu cortex-m4
   3              	 .eabi_attribute 27,3
   4              	 .fpu fpv4-sp-d16
   5              	 .eabi_attribute 20,1
   6              	 .eabi_attribute 21,1
   7              	 .eabi_attribute 23,3
   8              	 .eabi_attribute 24,1
   9              	 .eabi_attribute 25,1
  10              	 .eabi_attribute 26,1
  11              	 .eabi_attribute 30,6
  12              	 .eabi_attribute 34,1
  13              	 .eabi_attribute 18,4
  14              	 .thumb
  15              	 .file "ecat_ssc_conf.c"
  16              	 .text
  17              	.Ltext0:
  18              	 .cfi_sections .debug_frame
  19              	 .global ECAT_SSC_0
  20              	 .section .rodata.ECAT_SSC_0,"a",%progbits
  21              	 .align 2
  24              	ECAT_SSC_0:
  25 0000 00000000 	 .word E_EEPROM_XMC4_0
  26 0004 00000000 	 .word TIMER_1
  27 0008 00000000 	 .word INTERRUPT_0
  28              	 .text
  29              	.Letext0:
  30              	 .file 1 "d:\\infineon\\tools\\dave ide\\4.5.0.202105191637\\eclipse\\arm-gcc-49\\arm-none-eabi\\include\\machine\\_default_types.h"
  31              	 .file 2 "d:\\infineon\\tools\\dave ide\\4.5.0.202105191637\\eclipse\\arm-gcc-49\\arm-none-eabi\\include\\stdint.h"
  32              	 .file 3 "D:/Infineon/Tools/DAVE IDE/4.5.0.202105191637/eclipse/workspace/LED_test/Libraries/CMSIS/Infineon/XMC4300_series/Include/XMC4300.h"
  33              	 .file 4 "D:/Infineon/Tools/DAVE IDE/4.5.0.202105191637/eclipse/workspace/LED_test/Dave/Generated/E_EEPROM_XMC4/e_eeprom_xmc4.h"
  34              	 .file 5 "D:/Infineon/Tools/DAVE IDE/4.5.0.202105191637/eclipse/workspace/LED_test/Libraries/XMCLib/inc/xmc_ccu4.h"
  35              	 .file 6 "D:/Infineon/Tools/DAVE IDE/4.5.0.202105191637/eclipse/workspace/LED_test/Libraries/XMCLib/inc/xmc4_scu.h"
  36              	 .file 7 "D:/Infineon/Tools/DAVE IDE/4.5.0.202105191637/eclipse/workspace/LED_test/Dave/Generated/GLOBAL_CCU4/global_ccu4.h"
  37              	 .file 8 "D:/Infineon/Tools/DAVE IDE/4.5.0.202105191637/eclipse/workspace/LED_test/Dave/Generated/TIMER/timer.h"
  38              	 .file 9 "D:/Infineon/Tools/DAVE IDE/4.5.0.202105191637/eclipse/workspace/LED_test/Dave/Generated/INTERRUPT/interrupt.h"
  39              	 .file 10 "../Dave/Generated/ECAT_SSC/ecat_ssc.h"
  40              	 .file 11 "D:/Infineon/Tools/DAVE IDE/4.5.0.202105191637/eclipse/workspace/LED_test/Libraries/CMSIS/Include/cmsis_gcc.h"
  41              	 .file 12 "D:/Infineon/Tools/DAVE IDE/4.5.0.202105191637/eclipse/workspace/LED_test/Libraries/CMSIS/Include/core_cm4.h"
  42              	 .file 13 "D:/Infineon/Tools/DAVE IDE/4.5.0.202105191637/eclipse/workspace/LED_test/Libraries/CMSIS/Infineon/XMC4300_series/Include/system_XMC4300.h"
  43              	 .file 14 "D:/Infineon/Tools/DAVE IDE/4.5.0.202105191637/eclipse/workspace/LED_test/Dave/Generated/E_EEPROM_XMC4/e_eeprom_xmc4_extern.h"
  44              	 .file 15 "D:/Infineon/Tools/DAVE IDE/4.5.0.202105191637/eclipse/workspace/LED_test/Dave/Generated/TIMER/timer_extern.h"
  45              	 .file 16 "D:/Infineon/Tools/DAVE IDE/4.5.0.202105191637/eclipse/workspace/LED_test/Dave/Generated/INTERRUPT/interrupt_extern.h"
  46              	 .file 17 "../Dave/Generated/ECAT_SSC/ecat_ssc_conf.c"
DEFINED SYMBOLS
                            *ABS*:00000000 ecat_ssc_conf.c
    {standard input}:24     .rodata.ECAT_SSC_0:00000000 ECAT_SSC_0
    {standard input}:21     .rodata.ECAT_SSC_0:00000000 $d

UNDEFINED SYMBOLS
E_EEPROM_XMC4_0
TIMER_1
INTERRUPT_0
